//
// Generated file to implement the V0S43_S3_Count_Company_Transformer transform operator.
//

// define our input/output link names
inputname 0 Link_33;
outputname 0 DSLink44;
outputname 1 DSLink46;

initialize {
 // define our control variables
 int8 RowRejected0;
 int8 NullSetVar0;

}

mainloop {

 // initialise the rejected row variable
 RowRejected0 = 1;

 // evaluate columns (no constraints) for link: DSLink44
 writerecord 0;
 RowRejected0 = 0;
 // evaluate columns (no constraints) for link: DSLink46
 DSLink46.DUMMY = 1;
 writerecord 1;
 RowRejected0 = 0;
}

finish {
}
